0 info it worked if it ends with ok
1 verbose cli [ '/home/mark/.nvm/versions/node/v6.11.1/bin/node',
1 verbose cli   '/home/mark/.nvm/versions/node/v6.11.1/bin/npm',
1 verbose cli   'run',
1 verbose cli   'dev' ]
2 info using npm@3.10.10
3 info using node@v6.11.1
4 verbose run-script [ 'predev', 'dev', 'postdev' ]
5 info lifecycle proj@1.0.0~predev: proj@1.0.0
6 verbose lifecycle proj@1.0.0~predev: unsafe-perm in lifecycle true
7 verbose lifecycle proj@1.0.0~predev: PATH: /home/mark/.nvm/versions/node/v6.11.1/lib/node_modules/npm/bin/node-gyp-bin:/home/mark/Documents/Projects/hilbert-renders/node_modules/.bin:/home/mark/.nvm/versions/node/v6.11.1/bin:/home/mark/bin:/home/mark/.local/bin:/usr/local/sbin:/usr/local/bin:/usr/sbin:/usr/bin:/sbin:/bin:/usr/games:/usr/local/games:/snap/bin
8 verbose lifecycle proj@1.0.0~predev: CWD: /home/mark/Documents/Projects/hilbert-renders
9 silly lifecycle proj@1.0.0~predev: Args: [ '-c', 'npm run build' ]
10 silly lifecycle proj@1.0.0~predev: Returned: code: 1  signal: null
11 info lifecycle proj@1.0.0~predev: Failed to exec predev script
12 verbose stack Error: proj@1.0.0 predev: `npm run build`
12 verbose stack Exit status 1
12 verbose stack     at EventEmitter.<anonymous> (/home/mark/.nvm/versions/node/v6.11.1/lib/node_modules/npm/lib/utils/lifecycle.js:255:16)
12 verbose stack     at emitTwo (events.js:106:13)
12 verbose stack     at EventEmitter.emit (events.js:191:7)
12 verbose stack     at ChildProcess.<anonymous> (/home/mark/.nvm/versions/node/v6.11.1/lib/node_modules/npm/lib/utils/spawn.js:40:14)
12 verbose stack     at emitTwo (events.js:106:13)
12 verbose stack     at ChildProcess.emit (events.js:191:7)
12 verbose stack     at maybeClose (internal/child_process.js:891:16)
12 verbose stack     at Process.ChildProcess._handle.onexit (internal/child_process.js:226:5)
13 verbose pkgid proj@1.0.0
14 verbose cwd /home/mark/Documents/Projects/hilbert-renders/src/render
15 error Linux 4.8.0-36-generic
16 error argv "/home/mark/.nvm/versions/node/v6.11.1/bin/node" "/home/mark/.nvm/versions/node/v6.11.1/bin/npm" "run" "dev"
17 error node v6.11.1
18 error npm  v3.10.10
19 error code ELIFECYCLE
20 error proj@1.0.0 predev: `npm run build`
20 error Exit status 1
21 error Failed at the proj@1.0.0 predev script 'npm run build'.
21 error Make sure you have the latest version of node.js and npm installed.
21 error If you do, this is most likely a problem with the proj package,
21 error not with npm itself.
21 error Tell the author that this fails on your system:
21 error     npm run build
21 error You can get information on how to open an issue for this project with:
21 error     npm bugs proj
21 error Or if that isn't available, you can get their info via:
21 error     npm owner ls proj
21 error There is likely additional logging output above.
22 verbose exit [ 1, true ]
